<?xml version="1.0" encoding="UTF-8"?>
<!-- Generated by org.testng.reporters.JUnitReportReporter -->
<testsuite hostname="EBII346F0" name="testCases.Login" tests="1" failures="0" timestamp="17 Nov 2017 13:05:15 GMT" time="0.308" errors="0">
  <testcase name="applicationLogin" time="0.308" classname="testCases.Login"/>
</testsuite> <!-- testCases.Login -->
