<?xml version="1.0" encoding="UTF-8"?>
<!-- Generated by org.testng.reporters.JUnitReportReporter -->
<testsuite hostname="EBII346F0" name="testCases.Day2" tests="1" failures="0" timestamp="17 Nov 2017 15:43:38 GMT" time="9.781" errors="0">
  <testcase name="negativeScenario" time="9.781" classname="testCases.Day2"/>
</testsuite> <!-- testCases.Day2 -->
